<?xml version="1.0" encoding="UTF-8"?>
<!-- Generated by org.testng.reporters.JUnitXMLReporter -->
<testsuite ignored="0" hostname="BLR-LAP-125" failures="0" tests="3" name="Default test" time="3.449" errors="0" timestamp="2024-02-07T13:35:23 IST">
  <testcase classname="udemyPojo.KeepPracticing" name="postBookDetails" time="3.066"/>
  <testcase classname="udemyPojo.KeepPracticing" name="postBookDetails" time="0.183"/>
  <testcase classname="udemyPojo.KeepPracticing" name="postBookDetails" time="0.167"/>
</testsuite> <!-- Default test -->
