<?xml version="1.0" encoding="UTF-8"?>
<!-- Generated by org.testng.reporters.JUnitXMLReporter -->
<testsuite ignored="3" hostname="BLR-LAP-125" failures="0" tests="1" name="Default test" time="3.513" errors="0" timestamp="2024-04-05T11:53:51 IST">
  <testcase classname="udemyLessons.Types_Authentication" name="bearerToken" time="3.446"/>
  <testcase classname="udemyLessons.Types_Authentication" name="basicAuthentication" time="0.0">
    <ignored/>
  </testcase> <!-- basicAuthentication -->
  <testcase classname="udemyLessons.Types_Authentication" name="preemptiveAuthentication" time="0.0">
    <ignored/>
  </testcase> <!-- preemptiveAuthentication -->
  <testcase classname="udemyLessons.Types_Authentication" name="digestAuthentication" time="0.0">
    <ignored/>
  </testcase> <!-- digestAuthentication -->
</testsuite> <!-- Default test -->
